mode: set
gohub-trending/common/common.go:54.46,56.16 2 1
gohub-trending/common/common.go:59.2,59.18 1 1
gohub-trending/common/common.go:56.16,58.3 1 0
gohub-trending/common/common.go:62.44,64.45 2 1
gohub-trending/common/common.go:70.2,70.19 1 1
gohub-trending/common/common.go:64.45,66.3 1 1
gohub-trending/common/common.go:66.8,69.3 2 0
gohub-trending/common/common.go:73.48,75.45 2 1
gohub-trending/common/common.go:80.2,80.20 1 1
gohub-trending/common/common.go:75.45,77.3 1 1
gohub-trending/common/common.go:77.8,79.3 1 0
gohub-trending/common/common.go:83.49,88.2 4 0
gohub-trending/common/common.go:90.97,99.2 8 1
gohub-trending/common/common.go:101.79,102.104 1 1
gohub-trending/common/common.go:105.2,105.16 1 1
gohub-trending/common/common.go:111.2,111.15 1 1
gohub-trending/common/common.go:102.104,104.3 1 1
gohub-trending/common/common.go:105.16,107.3 1 1
gohub-trending/common/common.go:107.8,110.3 2 0
gohub-trending/common/common.go:114.44,115.30 1 0
gohub-trending/common/common.go:115.30,125.35 2 0
gohub-trending/common/common.go:125.35,127.4 1 0
